c:\users\akitomathumi\source\repos\hellogithub\shootinggame\x64\debug\shootinggame.pch
c:\users\akitomathumi\source\repos\hellogithub\shootinggame\x64\debug\vc141.pdb
c:\users\akitomathumi\source\repos\hellogithub\shootinggame\x64\debug\vc141.idb
c:\users\akitomathumi\source\repos\hellogithub\shootinggame\x64\debug\stdafx.obj
c:\users\akitomathumi\source\repos\hellogithub\shootinggame\x64\debug\tgafunctions.obj
c:\users\akitomathumi\source\repos\hellogithub\shootinggame\x64\debug\textureloader.obj
c:\users\akitomathumi\source\repos\hellogithub\shootinggame\x64\debug\stage.obj
c:\users\akitomathumi\source\repos\hellogithub\shootinggame\x64\debug\shot.obj
c:\users\akitomathumi\source\repos\hellogithub\shootinggame\x64\debug\shootinggame.obj
c:\users\akitomathumi\source\repos\hellogithub\shootinggame\x64\debug\selector.obj
c:\users\akitomathumi\source\repos\hellogithub\shootinggame\x64\debug\player.obj
c:\users\akitomathumi\source\repos\hellogithub\shootinggame\x64\debug\mapdata.obj
c:\users\akitomathumi\source\repos\hellogithub\shootinggame\x64\debug\igameobject.obj
c:\users\akitomathumi\source\repos\hellogithub\shootinggame\x64\debug\hp.obj
c:\users\akitomathumi\source\repos\hellogithub\shootinggame\x64\debug\enemyset.obj
c:\users\akitomathumi\source\repos\hellogithub\shootinggame\x64\debug\enemy02.obj
c:\users\akitomathumi\source\repos\hellogithub\shootinggame\x64\debug\enemy01.obj
c:\users\akitomathumi\source\repos\hellogithub\shootinggame\x64\debug\ddsfunctions.obj
c:\users\akitomathumi\source\repos\hellogithub\shootinggame\x64\debug\bullet.obj
c:\users\akitomathumi\source\repos\hellogithub\shootinggame\x64\debug\bg.obj
c:\users\akitomathumi\source\repos\hellogithub\shootinggame\x64\debug\shootinggame.tlog\cl.command.1.tlog
c:\users\akitomathumi\source\repos\hellogithub\shootinggame\x64\debug\shootinggame.tlog\cl.read.1.tlog
c:\users\akitomathumi\source\repos\hellogithub\shootinggame\x64\debug\shootinggame.tlog\cl.write.1.tlog
