c:\users\hinoue\source\repos\shootinggame\shootinggame\debug\shootinggame.pch
c:\users\hinoue\source\repos\shootinggame\shootinggame\debug\vc141.pdb
c:\users\hinoue\source\repos\shootinggame\shootinggame\debug\vc141.idb
c:\users\hinoue\source\repos\shootinggame\shootinggame\debug\stdafx.obj
c:\users\hinoue\source\repos\shootinggame\shootinggame\debug\tgafunctions.obj
c:\users\hinoue\source\repos\shootinggame\shootinggame\debug\textureloader.obj
c:\users\hinoue\source\repos\shootinggame\shootinggame\debug\stage.obj
c:\users\hinoue\source\repos\shootinggame\shootinggame\debug\shot.obj
c:\users\hinoue\source\repos\shootinggame\shootinggame\debug\shootinggame.obj
c:\users\hinoue\source\repos\shootinggame\shootinggame\debug\selector.obj
c:\users\hinoue\source\repos\shootinggame\shootinggame\debug\player.obj
c:\users\hinoue\source\repos\shootinggame\shootinggame\debug\mapdata.obj
c:\users\hinoue\source\repos\shootinggame\shootinggame\debug\igamescene.obj
c:\users\hinoue\source\repos\shootinggame\shootinggame\debug\igameobject.obj
c:\users\hinoue\source\repos\shootinggame\shootinggame\debug\enemyset.obj
c:\users\hinoue\source\repos\shootinggame\shootinggame\debug\enemy02.obj
c:\users\hinoue\source\repos\shootinggame\shootinggame\debug\enemy01.obj
c:\users\hinoue\source\repos\shootinggame\shootinggame\debug\ddsfunctions.obj
c:\users\hinoue\source\repos\shootinggame\shootinggame\debug\bullet.obj
c:\users\hinoue\source\repos\shootinggame\shootinggame\debug\bg.obj
c:\users\hinoue\source\repos\shootinggame\debug\shootinggame.ilk
c:\users\hinoue\source\repos\shootinggame\debug\shootinggame.exe
c:\users\hinoue\source\repos\shootinggame\debug\shootinggame.pdb
c:\users\hinoue\source\repos\shootinggame\shootinggame\debug\shootinggame.res
c:\users\hinoue\source\repos\shootinggame\shootinggame\debug\shootinggame.tlog\cl.command.1.tlog
c:\users\hinoue\source\repos\shootinggame\shootinggame\debug\shootinggame.tlog\cl.read.1.tlog
c:\users\hinoue\source\repos\shootinggame\shootinggame\debug\shootinggame.tlog\cl.write.1.tlog
c:\users\hinoue\source\repos\shootinggame\shootinggame\debug\shootinggame.tlog\link.command.1.tlog
c:\users\hinoue\source\repos\shootinggame\shootinggame\debug\shootinggame.tlog\link.read.1.tlog
c:\users\hinoue\source\repos\shootinggame\shootinggame\debug\shootinggame.tlog\link.write.1.tlog
c:\users\hinoue\source\repos\shootinggame\shootinggame\debug\shootinggame.tlog\rc.command.1.tlog
c:\users\hinoue\source\repos\shootinggame\shootinggame\debug\shootinggame.tlog\rc.read.1.tlog
c:\users\hinoue\source\repos\shootinggame\shootinggame\debug\shootinggame.tlog\rc.write.1.tlog
